<?xml version="1.0" encoding="UTF-8"?>
<beans xmlns="http://www.springframework.org/schema/beans"
	xmlns:xsi="http://www.w3.org/2001/XMLSchema-instance"
	xsi:schemaLocation="http://www.springframework.org/schema/beans 
						http://www.springframework.org/schema/beans/spring-beans-3.0.xsd">
	
	<bean class="org.springframework.aop.framework.autoproxy.DefaultAdvisorAutoProxyCreator"/>
	
	<bean id="dataSource" class="org.springframework.jdbc.datasource.SimpleDriverDataSource">
		<property name="driverClass" value="org.mariadb.jdbc.Driver" />
		<property name="url" value="jdbc:mysql://127.0.0.1:3306/toby?characterEncoding=UTF-8" />
		<property name="username" value="root" />
		<property name="password" value="" />
	</bean>
	
	<bean id="userService" class="com.okstudio.user.service.UserServiceImpl">
		<property name="userDao" ref="userDao"/>
		<property name="mailSender" ref="mailSender"/>
	</bean>
	
	<bean id="testUserService" class="com.okstudio.user.service.UserServiceTest$TestUserServiceImpl" parent="userService">		
	</bean>
	
	<bean id="transactionManager" class="org.springframework.jdbc.datasource.DataSourceTransactionManager">
		<property name="dataSource" ref="dataSource"></property>
	</bean>
	
	<bean id="transactionAdvice" class="com.okstudio.user.service.TransactionAdvice">
		<property name="transactionManager" ref="transactionManager"/>	
	</bean>
	
	<bean id="transactionPointcut" class="com.okstudio.common.service.NameMatchClassMethodPointcut">
		<property name="mappedClassName" value="*ServiceImpl"/>
		<property name="mappedName" value="upgrade*"/>
	</bean>
	
	<bean id="transactionAdvisor" class="org.springframework.aop.support.DefaultPointcutAdvisor">
		<property name="advice" ref="transactionAdvice"/>
		<property name="pointcut" ref="transactionPointcut"/>
	</bean>
	
	<bean id="userDao" class="com.okstudio.user.dao.UserDaoJdbc">
		<property name="dataSource" ref="dataSource" />		
	</bean>	
	
	<!-- <bean id="mailSender" class="org.springframework.mail.javamail.JavaMailSenderImpl">
		<property name="host" value="mail.server.com"/>
	</bean> -->
	<bean id="mailSender" class="com.okstudio.user.service.DummyMailSender"/>
	
</beans>
