<?xml version="1.0" encoding="UTF-8"?>
<beans xmlns="http://www.springframework.org/schema/beans"
	xmlns:xsi="http://www.w3.org/2001/XMLSchema-instance"
	xmlns:aop="http://www.springframework.org/schema/aop"
	xsi:schemaLocation="http://www.springframework.org/schema/beans 
						http://www.springframework.org/schema/beans/spring-beans-3.0.xsd
						http://www.springframework.org/schema/aop
						http://www.springframework.org/schema/aop/spring-aop-3.0.xsd">
	<aop:config>
		<aop:pointcut id="transactionPointcut" expression="execution(* *..*ServiceImpl.upgrade*(..))"/>
		<aop:advisor advice-ref="transactionAdvice" pointcut-ref="transactionPointcut"/>
	</aop:config>
	
	<bean id="dataSource" class="org.springframework.jdbc.datasource.SimpleDriverDataSource">
		<property name="driverClass" value="org.mariadb.jdbc.Driver" />
		<property name="url" value="jdbc:mysql://127.0.0.1:3306/toby?characterEncoding=UTF-8" />
		<property name="username" value="root" />
		<property name="password" value="" />
	</bean>
	
	<bean id="userService" class="com.okstudio.user.service.UserServiceImpl">
		<property name="userDao" ref="userDao"/>
		<property name="mailSender" ref="mailSender"/>
	</bean>
	
	<bean id="testUserService" class="com.okstudio.user.service.UserServiceTest$TestUserServiceImpl" parent="userService">		
	</bean>
	
	<bean id="transactionManager" class="org.springframework.jdbc.datasource.DataSourceTransactionManager">
		<property name="dataSource" ref="dataSource"></property>
	</bean>
	
	<bean id="transactionAdvice" class="com.okstudio.user.service.TransactionAdvice">
		<property name="transactionManager" ref="transactionManager"/>	
	</bean>
	
	<bean id="userDao" class="com.okstudio.user.dao.UserDaoJdbc">
		<property name="dataSource" ref="dataSource" />		
	</bean>
	
	<bean id="mailSender" class="com.okstudio.user.service.DummyMailSender"/>
	
</beans>
